Flow report for DE2bot
Tue Nov 26 19:06:37 2013
Quartus II Version 9.1 Build 350 03/24/2010 Service Pack 2 SJ Full Version


---------------------
; Table of Contents ;
---------------------
  1. Legal Notice
  2. Flow Summary
  3. Flow Settings
  4. Flow Non-Default Global Settings
  5. Flow Elapsed Time
  6. Flow OS Summary
  7. Flow Log



----------------
; Legal Notice ;
----------------
Copyright (C) 1991-2010 Altera Corporation
Your use of Altera Corporation's design tools, logic functions 
and other software and tools, and its AMPP partner logic 
functions, and any output files from any of the foregoing 
(including device programming or simulation files), and any 
associated documentation or information are expressly subject 
to the terms and conditions of the Altera Program License 
Subscription Agreement, Altera MegaCore Function License 
Agreement, or other applicable license agreement, including, 
without limitation, that your use is for the sole purpose of 
programming logic devices manufactured by Altera and sold by 
Altera or its authorized distributors.  Please refer to the 
applicable agreement for further details.



+------------------------------------------------------------------------------------+
; Flow Summary                                                                       ;
+------------------------------------+-----------------------------------------------+
; Flow Status                        ; Successful - Tue Nov 26 19:06:37 2013         ;
; Quartus II Version                 ; 9.1 Build 350 03/24/2010 SP 2 SJ Full Version ;
; Revision Name                      ; DE2bot                                        ;
; Top-level Entity Name              ; DE2bot                                        ;
; Family                             ; Cyclone II                                    ;
; Device                             ; EP2C35F672C6                                  ;
; Timing Models                      ; Final                                         ;
; Met timing requirements            ; No                                            ;
; Total logic elements               ; 3,214 / 33,216 ( 10 % )                       ;
;     Total combinational functions  ; 2,966 / 33,216 ( 9 % )                        ;
;     Dedicated logic registers      ; 1,376 / 33,216 ( 4 % )                        ;
; Total registers                    ; 1376                                          ;
; Total pins                         ; 156 / 475 ( 33 % )                            ;
; Total virtual pins                 ; 0                                             ;
; Total memory bits                  ; 82,944 / 483,840 ( 17 % )                     ;
; Embedded Multiplier 9-bit elements ; 10 / 70 ( 14 % )                              ;
; Total PLLs                         ; 1 / 4 ( 25 % )                                ;
+------------------------------------+-----------------------------------------------+


+-----------------------------------------+
; Flow Settings                           ;
+-------------------+---------------------+
; Option            ; Setting             ;
+-------------------+---------------------+
; Start date & time ; 11/26/2013 18:43:32 ;
; Main task         ; Compilation         ;
; Revision Name     ; DE2bot              ;
+-------------------+---------------------+


+------------------------------------------------------------------------------------------------------------------------------------------------------+
; Flow Non-Default Global Settings                                                                                                                     ;
+------------------------------------+------------------------------------------------------------------+---------------+-------------+----------------+
; Assignment Name                    ; Value                                                            ; Default Value ; Entity Name ; Section Id     ;
+------------------------------------+------------------------------------------------------------------+---------------+-------------+----------------+
; COMPILER_SIGNATURE_ID              ; 132228305318.138550941102092                                     ; --            ; --          ; --             ;
; IP_TOOL_NAME                       ; LPM_FF                                                           ; --            ; --          ; --             ;
; IP_TOOL_NAME                       ; LPM_FF                                                           ; --            ; --          ; --             ;
; IP_TOOL_NAME                       ; LPM_MUX                                                          ; --            ; --          ; --             ;
; IP_TOOL_NAME                       ; LPM_SHIFTREG                                                     ; --            ; --          ; --             ;
; IP_TOOL_NAME                       ; LPM_COUNTER                                                      ; --            ; --          ; --             ;
; IP_TOOL_NAME                       ; ALTSYNCRAM                                                       ; --            ; --          ; --             ;
; IP_TOOL_NAME                       ; LPM_FF                                                           ; --            ; --          ; --             ;
; IP_TOOL_NAME                       ; LPM_FF                                                           ; --            ; --          ; --             ;
; IP_TOOL_NAME                       ; LPM_MUX                                                          ; --            ; --          ; --             ;
; IP_TOOL_NAME                       ; LPM_SHIFTREG                                                     ; --            ; --          ; --             ;
; IP_TOOL_NAME                       ; LPM_COUNTER                                                      ; --            ; --          ; --             ;
; IP_TOOL_NAME                       ; LPM_COMPARE                                                      ; --            ; --          ; --             ;
; IP_TOOL_NAME                       ; LPM_CONSTANT                                                     ; --            ; --          ; --             ;
; IP_TOOL_NAME                       ; LPM_CONSTANT                                                     ; --            ; --          ; --             ;
; IP_TOOL_NAME                       ; LPM_CONSTANT                                                     ; --            ; --          ; --             ;
; IP_TOOL_NAME                       ; LPM_COUNTER                                                      ; --            ; --          ; --             ;
; IP_TOOL_NAME                       ; LPM_SHIFTREG                                                     ; --            ; --          ; --             ;
; IP_TOOL_NAME                       ; LPM_FF                                                           ; --            ; --          ; --             ;
; IP_TOOL_VERSION                    ; 9.1                                                              ; --            ; --          ; --             ;
; IP_TOOL_VERSION                    ; 9.1                                                              ; --            ; --          ; --             ;
; IP_TOOL_VERSION                    ; 9.1                                                              ; --            ; --          ; --             ;
; IP_TOOL_VERSION                    ; 9.1                                                              ; --            ; --          ; --             ;
; IP_TOOL_VERSION                    ; 9.1                                                              ; --            ; --          ; --             ;
; IP_TOOL_VERSION                    ; 9.1                                                              ; --            ; --          ; --             ;
; IP_TOOL_VERSION                    ; 9.1                                                              ; --            ; --          ; --             ;
; IP_TOOL_VERSION                    ; 9.1                                                              ; --            ; --          ; --             ;
; IP_TOOL_VERSION                    ; 9.1                                                              ; --            ; --          ; --             ;
; IP_TOOL_VERSION                    ; 9.1                                                              ; --            ; --          ; --             ;
; IP_TOOL_VERSION                    ; 9.1                                                              ; --            ; --          ; --             ;
; IP_TOOL_VERSION                    ; 9.1                                                              ; --            ; --          ; --             ;
; IP_TOOL_VERSION                    ; 9.1                                                              ; --            ; --          ; --             ;
; IP_TOOL_VERSION                    ; 9.1                                                              ; --            ; --          ; --             ;
; IP_TOOL_VERSION                    ; 9.1                                                              ; --            ; --          ; --             ;
; IP_TOOL_VERSION                    ; 9.1                                                              ; --            ; --          ; --             ;
; IP_TOOL_VERSION                    ; 9.1                                                              ; --            ; --          ; --             ;
; IP_TOOL_VERSION                    ; 9.1                                                              ; --            ; --          ; --             ;
; MAX_CORE_JUNCTION_TEMP             ; 85                                                               ; --            ; --          ; --             ;
; MIN_CORE_JUNCTION_TEMP             ; 0                                                                ; --            ; --          ; --             ;
; MISC_FILE                          ; DE2botFall2010.dpf                                               ; --            ; --          ; --             ;
; MISC_FILE                          ; DE2botFall2011.dpf                                               ; --            ; --          ; --             ;
; MISC_FILE                          ; DE2BotSummer2012.dpf                                             ; --            ; --          ; --             ;
; MISC_FILE                          ; C:/Users/kjohnson31/Programming/DE2bot_clean_Spring13/DE2bot.dpf ; --            ; --          ; --             ;
; MISC_FILE                          ; C:/Users/kjohnson31/Programming/DE2bot_Canon/DE2bot.dpf          ; --            ; --          ; --             ;
; MISC_FILE                          ; lpm_dff_i2c0.bsf                                                 ; --            ; --          ; --             ;
; MISC_FILE                          ; lpm_dff_i2c0.cmp                                                 ; --            ; --          ; --             ;
; MISC_FILE                          ; lpm_dff_i2c1.bsf                                                 ; --            ; --          ; --             ;
; MISC_FILE                          ; lpm_dff_i2c1.cmp                                                 ; --            ; --          ; --             ;
; MISC_FILE                          ; lpm_mux_i2c0.bsf                                                 ; --            ; --          ; --             ;
; MISC_FILE                          ; lpm_mux_i2c0.cmp                                                 ; --            ; --          ; --             ;
; MISC_FILE                          ; lpm_shiftreg_i2c0.bsf                                            ; --            ; --          ; --             ;
; MISC_FILE                          ; lpm_shiftreg_i2c0.cmp                                            ; --            ; --          ; --             ;
; MISC_FILE                          ; lpm_counter1.bsf                                                 ; --            ; --          ; --             ;
; MISC_FILE                          ; lpm_counter1.cmp                                                 ; --            ; --          ; --             ;
; MISC_FILE                          ; altsyncram0.bsf                                                  ; --            ; --          ; --             ;
; MISC_FILE                          ; altsyncram0.cmp                                                  ; --            ; --          ; --             ;
; MISC_FILE                          ; lpm_dff1.bsf                                                     ; --            ; --          ; --             ;
; MISC_FILE                          ; lpm_dff1.cmp                                                     ; --            ; --          ; --             ;
; MISC_FILE                          ; lpm_dff2.bsf                                                     ; --            ; --          ; --             ;
; MISC_FILE                          ; lpm_dff2.cmp                                                     ; --            ; --          ; --             ;
; MISC_FILE                          ; lpm_mux0.bsf                                                     ; --            ; --          ; --             ;
; MISC_FILE                          ; lpm_mux0.cmp                                                     ; --            ; --          ; --             ;
; MISC_FILE                          ; lpm_shiftreg1.bsf                                                ; --            ; --          ; --             ;
; MISC_FILE                          ; lpm_shiftreg1.cmp                                                ; --            ; --          ; --             ;
; MISC_FILE                          ; ir_lpm_counter0.bsf                                              ; --            ; --          ; --             ;
; MISC_FILE                          ; ir_lpm_counter0.cmp                                              ; --            ; --          ; --             ;
; MISC_FILE                          ; ir_lpm_compare0.bsf                                              ; --            ; --          ; --             ;
; MISC_FILE                          ; ir_lpm_compare0.cmp                                              ; --            ; --          ; --             ;
; MISC_FILE                          ; ir_lpm_constant1.bsf                                             ; --            ; --          ; --             ;
; MISC_FILE                          ; ir_lpm_constant1.cmp                                             ; --            ; --          ; --             ;
; MISC_FILE                          ; ir_lpm_constant0.bsf                                             ; --            ; --          ; --             ;
; MISC_FILE                          ; ir_lpm_constant0.cmp                                             ; --            ; --          ; --             ;
; MISC_FILE                          ; ir_lpm_constant2.bsf                                             ; --            ; --          ; --             ;
; MISC_FILE                          ; ir_lpm_constant2.cmp                                             ; --            ; --          ; --             ;
; MISC_FILE                          ; ir_lpm_counter1.bsf                                              ; --            ; --          ; --             ;
; MISC_FILE                          ; ir_lpm_counter1.cmp                                              ; --            ; --          ; --             ;
; MISC_FILE                          ; ir_lpm_shiftreg0.bsf                                             ; --            ; --          ; --             ;
; MISC_FILE                          ; ir_lpm_shiftreg0.cmp                                             ; --            ; --          ; --             ;
; MISC_FILE                          ; ir_lpm_dff0.bsf                                                  ; --            ; --          ; --             ;
; MISC_FILE                          ; ir_lpm_dff0.cmp                                                  ; --            ; --          ; --             ;
; MISC_FILE                          ; C:/Users/kjohnson31/Programming/DE2bot_IR/DE2bot.dpf             ; --            ; --          ; --             ;
; PARTITION_COLOR                    ; 16764057                                                         ; --            ; --          ; Top            ;
; PARTITION_NETLIST_TYPE             ; SOURCE                                                           ; --            ; --          ; Top            ;
; SMART_RECOMPILE                    ; On                                                               ; Off           ; --          ; --             ;
; USE_GENERATED_PHYSICAL_CONSTRAINTS ; Off                                                              ; --            ; --          ; eda_blast_fpga ;
+------------------------------------+------------------------------------------------------------------+---------------+-------------+----------------+


+-----------------------------------------------------------------------------------------------------------------------------+
; Flow Elapsed Time                                                                                                           ;
+-------------------------+--------------+-------------------------+---------------------+------------------------------------+
; Module Name             ; Elapsed Time ; Average Processors Used ; Peak Virtual Memory ; Total CPU Time (on all processors) ;
+-------------------------+--------------+-------------------------+---------------------+------------------------------------+
; Analysis & Synthesis    ; 00:00:28     ; 1.0                     ; 274 MB              ; 00:00:23                           ;
; Fitter                  ; 00:00:32     ; 1.6                     ; 304 MB              ; 00:00:37                           ;
; Assembler               ; 00:00:04     ; 1.0                     ; 266 MB              ; 00:00:03                           ;
; Classic Timing Analyzer ; 00:00:03     ; 1.0                     ; 189 MB              ; 00:00:03                           ;
; MIF/HEX Update          ; 00:00:01     ; 1.0                     ; 223 MB              ; 00:00:02                           ;
; MIF/HEX Update          ; 00:00:01     ; 1.0                     ; 223 MB              ; 00:00:01                           ;
; Assembler               ; 00:00:04     ; 1.0                     ; 267 MB              ; 00:00:03                           ;
; MIF/HEX Update          ; 00:00:02     ; 1.0                     ; 223 MB              ; 00:00:01                           ;
; MIF/HEX Update          ; 00:00:01     ; 1.0                     ; 223 MB              ; 00:00:01                           ;
; Assembler               ; 00:00:04     ; 1.0                     ; 267 MB              ; 00:00:03                           ;
; MIF/HEX Update          ; 00:00:02     ; 1.0                     ; 223 MB              ; 00:00:01                           ;
; MIF/HEX Update          ; 00:00:02     ; 1.0                     ; 223 MB              ; 00:00:01                           ;
; Assembler               ; 00:00:03     ; 1.0                     ; 267 MB              ; 00:00:03                           ;
; MIF/HEX Update          ; 00:00:01     ; 1.0                     ; 223 MB              ; 00:00:01                           ;
; MIF/HEX Update          ; 00:00:01     ; 1.0                     ; 223 MB              ; 00:00:01                           ;
; Assembler               ; 00:00:04     ; 1.0                     ; 267 MB              ; 00:00:03                           ;
; MIF/HEX Update          ; 00:00:02     ; 1.0                     ; 223 MB              ; 00:00:01                           ;
; MIF/HEX Update          ; 00:00:01     ; 1.0                     ; 223 MB              ; 00:00:01                           ;
; Assembler               ; 00:00:04     ; 1.0                     ; 267 MB              ; 00:00:03                           ;
; Total                   ; 00:01:40     ; --                      ; --                  ; 00:01:32                           ;
+-------------------------+--------------+-------------------------+---------------------+------------------------------------+


+------------------------------------------------------------------------------------------+
; Flow OS Summary                                                                          ;
+-------------------------+------------------+---------------+------------+----------------+
; Module Name             ; Machine Hostname ; OS Name       ; OS Version ; Processor type ;
+-------------------------+------------------+---------------+------------+----------------+
; Analysis & Synthesis    ; 2031LAB003       ; Windows Vista ; 6.1        ; x86_64         ;
; Fitter                  ; 2031LAB003       ; Windows Vista ; 6.1        ; x86_64         ;
; Assembler               ; 2031LAB003       ; Windows Vista ; 6.1        ; x86_64         ;
; Classic Timing Analyzer ; 2031LAB003       ; Windows Vista ; 6.1        ; x86_64         ;
; MIF/HEX Update          ; 2031LAB003       ; Windows Vista ; 6.1        ; x86_64         ;
; MIF/HEX Update          ; 2031LAB003       ; Windows Vista ; 6.1        ; x86_64         ;
; Assembler               ; 2031LAB003       ; Windows Vista ; 6.1        ; x86_64         ;
; MIF/HEX Update          ; 2031LAB003       ; Windows Vista ; 6.1        ; x86_64         ;
; MIF/HEX Update          ; 2031LAB003       ; Windows Vista ; 6.1        ; x86_64         ;
; Assembler               ; 2031LAB003       ; Windows Vista ; 6.1        ; x86_64         ;
; MIF/HEX Update          ; 2031LAB003       ; Windows Vista ; 6.1        ; x86_64         ;
; MIF/HEX Update          ; 2031LAB003       ; Windows Vista ; 6.1        ; x86_64         ;
; Assembler               ; 2031LAB003       ; Windows Vista ; 6.1        ; x86_64         ;
; MIF/HEX Update          ; 2031LAB003       ; Windows Vista ; 6.1        ; x86_64         ;
; MIF/HEX Update          ; 2031LAB003       ; Windows Vista ; 6.1        ; x86_64         ;
; Assembler               ; 2031LAB003       ; Windows Vista ; 6.1        ; x86_64         ;
; MIF/HEX Update          ; 2031LAB003       ; Windows Vista ; 6.1        ; x86_64         ;
; MIF/HEX Update          ; 2031LAB003       ; Windows Vista ; 6.1        ; x86_64         ;
; Assembler               ; 2031LAB003       ; Windows Vista ; 6.1        ; x86_64         ;
+-------------------------+------------------+---------------+------------+----------------+


------------
; Flow Log ;
------------
quartus_map --read_settings_files=on --write_settings_files=off DE2bot -c DE2bot
quartus_fit --read_settings_files=off --write_settings_files=off DE2bot -c DE2bot
quartus_asm --read_settings_files=off --write_settings_files=off DE2bot -c DE2bot
quartus_tan --read_settings_files=off --write_settings_files=off DE2bot -c DE2bot --timing_analysis_only
quartus_cdb DE2bot -c DE2bot --update_mif
quartus_cdb DE2bot -c DE2bot --update_mif
quartus_asm --read_settings_files=on --write_settings_files=off DE2bot -c DE2bot
quartus_cdb DE2bot -c DE2bot --update_mif
quartus_cdb DE2bot -c DE2bot --update_mif
quartus_asm --read_settings_files=on --write_settings_files=off DE2bot -c DE2bot
quartus_cdb DE2bot -c DE2bot --update_mif
quartus_cdb DE2bot -c DE2bot --update_mif
quartus_asm --read_settings_files=on --write_settings_files=off DE2bot -c DE2bot
quartus_cdb DE2bot -c DE2bot --update_mif
quartus_cdb DE2bot -c DE2bot --update_mif
quartus_asm --read_settings_files=on --write_settings_files=off DE2bot -c DE2bot
quartus_cdb DE2bot -c DE2bot --update_mif
quartus_cdb DE2bot -c DE2bot --update_mif
quartus_asm --read_settings_files=on --write_settings_files=off DE2bot -c DE2bot



